<?xml version="1.0" encoding="utf-8" standalone="no"?>
<test-results xmlns:xsi="http://www.w3.org/2001/XMLSchema-instance" xsi:noNamespaceSchemaLocation="nunit_schema_2.5.xsd" name="Pester" total="4" errors="0" failures="4" not-run="0" inconclusive="0" ignored="0" skipped="0" invalid="0" date="2018-07-23" time="23:13:38">
  <environment user="Administrator" machine-name="PL-W-PLBADUB02" cwd="C:\Users\Administrator\Documents\GitHub\docker-plantuml" user-domain="PL-W-PLBADUB02" platform="Microsoft Windows Server 2012 R2 Datacenter|C:\Windows|\Device\Harddisk0\Partition2" nunit-version="2.5.8.0" os-version="6.3.9600" clr-version="4.0.30319.42000" />
  <culture-info current-culture="pl-PL" current-uiculture="en-US" />
  <test-suite type="TestFixture" name="Pester" executed="True" result="Failure" success="False" time="7.6554" asserts="0" description="Pester">
    <results>
      <test-suite type="TestFixture" name="C:\Users\Administrator\Documents\GitHub\docker-plantuml\Spec\PlantUml.Tests.ps1" executed="True" result="Failure" success="False" time="7.6554" asserts="0" description="C:\Users\Administrator\Documents\GitHub\docker-plantuml\Spec\PlantUml.Tests.ps1">
        <results>
          <test-suite type="TestFixture" name="PlantUML image" executed="True" result="Failure" success="False" time="7.6554" asserts="0" description="PlantUML image">
            <results>
              <test-suite type="TestFixture" name="Simple diagram" executed="True" result="Failure" success="False" time="3.5133" asserts="0" description="Simple diagram">
                <results>
                  <test-case description="generates PNG diagram from file" name="PlantUML image.Simple diagram.generates PNG diagram from file" time="2.306" asserts="0" success="False" result="Failure" executed="True">
                    <failure>
                      <message>The term 'docker' is not recognized as the name of a cmdlet, function, script file, or operable program. Check the spelling of the name, or if a path was included, verify that the path is correct and try again.</message>
                      <stack-trace>at &lt;ScriptBlock&gt;, C:\Users\Administrator\Documents\GitHub\docker-plantuml\Spec\PlantUml.Tests.ps1: line 64
64:             &amp; docker $arguments |
</stack-trace>
                    </failure>
                  </test-case>
                  <test-case description="generates SVG diagram from file" name="PlantUML image.Simple diagram.generates SVG diagram from file" time="1.2072" asserts="0" success="False" result="Failure" executed="True">
                    <failure>
                      <message>The term 'docker' is not recognized as the name of a cmdlet, function, script file, or operable program. Check the spelling of the name, or if a path was included, verify that the path is correct and try again.</message>
                      <stack-trace>at &lt;ScriptBlock&gt;, C:\Users\Administrator\Documents\GitHub\docker-plantuml\Spec\PlantUml.Tests.ps1: line 81
81:             &amp; docker $arguments |
</stack-trace>
                    </failure>
                  </test-case>
                </results>
              </test-suite>
              <test-suite type="TestFixture" name="Custom include path" executed="True" result="Failure" success="False" time="1.4536" asserts="0" description="Custom include path">
                <results>
                  <test-case description="finds include file" name="PlantUML image.Custom include path.finds include file" time="1.4536" asserts="0" success="False" result="Failure" executed="True">
                    <failure>
                      <message>The term 'docker' is not recognized as the name of a cmdlet, function, script file, or operable program. Check the spelling of the name, or if a path was included, verify that the path is correct and try again.</message>
                      <stack-trace>at &lt;ScriptBlock&gt;, C:\Users\Administrator\Documents\GitHub\docker-plantuml\Spec\PlantUml.Tests.ps1: line 132
132:             &amp; docker $arguments |
</stack-trace>
                    </failure>
                  </test-case>
                </results>
              </test-suite>
              <test-case description="has configured GraphViz" name="PlantUML image.has configured GraphViz" time="2.6885" asserts="0" success="False" result="Failure" executed="True">
                <failure>
                  <message>The term 'docker' is not recognized as the name of a cmdlet, function, script file, or operable program. Check the spelling of the name, or if a path was included, verify that the path is correct and try again.</message>
                  <stack-trace>at &lt;ScriptBlock&gt;, C:\Users\Administrator\Documents\GitHub\docker-plantuml\Spec\PlantUml.Tests.ps1: line 23
23:         $result = &amp; docker $arguments
</stack-trace>
                </failure>
              </test-case>
            </results>
          </test-suite>
        </results>
      </test-suite>
    </results>
  </test-suite>
</test-results>